<?xml version="1.0" encoding="UTF-8"?>
<testsuite xmlns:xsi="http://www.w3.org/2001/XMLSchema-instance" xsi:noNamespaceSchemaLocation="https://maven.apache.org/surefire/maven-surefire-plugin/xsd/surefire-test-report.xsd" name="com.suhas1.AppTest" time="0.046" tests="1" errors="0" skipped="0" failures="0">
  <properties>
    <property name="sun.desktop" value="windows"/>
    <property name="awt.toolkit" value="sun.awt.windows.WToolkit"/>
    <property name="file.encoding.pkg" value="sun.io"/>
    <property name="java.specification.version" value="1.8"/>
    <property name="sun.cpu.isalist" value="amd64"/>
    <property name="sun.jnu.encoding" value="Cp1252"/>
    <property name="java.class.path" value="C:\Users\suhass_k\webappsuhas1\target\test-classes;C:\Users\suhass_k\webappsuhas1\target\classes;C:\Users\suhass_k\.m2\repository\junit\junit\4.11\junit-4.11.jar;C:\Users\suhass_k\.m2\repository\org\hamcrest\hamcrest-core\1.3\hamcrest-core-1.3.jar;C:\Users\suhass_k\.m2\repository\mysql\mysql-connector-java\8.0.26\mysql-connector-java-8.0.26.jar;C:\Users\suhass_k\.m2\repository\com\google\protobuf\protobuf-java\3.11.4\protobuf-java-3.11.4.jar;C:\Users\suhass_k\.m2\repository\com\google\maps\google-maps-services\1.0.1\google-maps-services-1.0.1.jar;C:\Users\suhass_k\.m2\repository\com\squareup\okhttp3\okhttp\4.9.2\okhttp-4.9.2.jar;C:\Users\suhass_k\.m2\repository\com\squareup\okio\okio\2.8.0\okio-2.8.0.jar;C:\Users\suhass_k\.m2\repository\org\jetbrains\kotlin\kotlin-stdlib-common\1.4.0\kotlin-stdlib-common-1.4.0.jar;C:\Users\suhass_k\.m2\repository\org\jetbrains\kotlin\kotlin-stdlib\1.4.10\kotlin-stdlib-1.4.10.jar;C:\Users\suhass_k\.m2\repository\org\jetbrains\annotations\13.0\annotations-13.0.jar;C:\Users\suhass_k\.m2\repository\com\google\code\gson\gson\2.8.9\gson-2.8.9.jar;C:\Users\suhass_k\.m2\repository\io\opencensus\opencensus-api\0.28.3\opencensus-api-0.28.3.jar;C:\Users\suhass_k\.m2\repository\io\grpc\grpc-context\1.27.2\grpc-context-1.27.2.jar;C:\Users\suhass_k\.m2\repository\org\slf4j\slf4j-api\1.7.32\slf4j-api-1.7.32.jar;"/>
    <property name="java.vm.vendor" value="Oracle Corporation"/>
    <property name="sun.arch.data.model" value="64"/>
    <property name="user.variant" value=""/>
    <property name="java.vendor.url" value="http://java.oracle.com/"/>
    <property name="user.timezone" value="Asia/Calcutta"/>
    <property name="java.vm.specification.version" value="1.8"/>
    <property name="os.name" value="Windows 8"/>
    <property name="user.country" value="GB"/>
    <property name="sun.java.launcher" value="SUN_STANDARD"/>
    <property name="sun.boot.library.path" value="C:\Program Files\Java\jdk1.8.0_202\jre\bin"/>
    <property name="sun.java.command" value="C:\Users\suhass_k\AppData\Local\Temp\surefire8772367709738068722\surefirebooter7589475827205241023.jar C:\Users\suhass_k\AppData\Local\Temp\surefire8772367709738068722 2021-12-25T08-05-36_312-jvmRun1 surefire6282040821581052027tmp surefire_05514161432107382919tmp"/>
    <property name="surefire.test.class.path" value="C:\Users\suhass_k\webappsuhas1\target\test-classes;C:\Users\suhass_k\webappsuhas1\target\classes;C:\Users\suhass_k\.m2\repository\junit\junit\4.11\junit-4.11.jar;C:\Users\suhass_k\.m2\repository\org\hamcrest\hamcrest-core\1.3\hamcrest-core-1.3.jar;C:\Users\suhass_k\.m2\repository\mysql\mysql-connector-java\8.0.26\mysql-connector-java-8.0.26.jar;C:\Users\suhass_k\.m2\repository\com\google\protobuf\protobuf-java\3.11.4\protobuf-java-3.11.4.jar;C:\Users\suhass_k\.m2\repository\com\google\maps\google-maps-services\1.0.1\google-maps-services-1.0.1.jar;C:\Users\suhass_k\.m2\repository\com\squareup\okhttp3\okhttp\4.9.2\okhttp-4.9.2.jar;C:\Users\suhass_k\.m2\repository\com\squareup\okio\okio\2.8.0\okio-2.8.0.jar;C:\Users\suhass_k\.m2\repository\org\jetbrains\kotlin\kotlin-stdlib-common\1.4.0\kotlin-stdlib-common-1.4.0.jar;C:\Users\suhass_k\.m2\repository\org\jetbrains\kotlin\kotlin-stdlib\1.4.10\kotlin-stdlib-1.4.10.jar;C:\Users\suhass_k\.m2\repository\org\jetbrains\annotations\13.0\annotations-13.0.jar;C:\Users\suhass_k\.m2\repository\com\google\code\gson\gson\2.8.9\gson-2.8.9.jar;C:\Users\suhass_k\.m2\repository\io\opencensus\opencensus-api\0.28.3\opencensus-api-0.28.3.jar;C:\Users\suhass_k\.m2\repository\io\grpc\grpc-context\1.27.2\grpc-context-1.27.2.jar;C:\Users\suhass_k\.m2\repository\org\slf4j\slf4j-api\1.7.32\slf4j-api-1.7.32.jar;"/>
    <property name="sun.cpu.endian" value="little"/>
    <property name="user.home" value="C:\Users\suhass_k"/>
    <property name="user.language" value="en"/>
    <property name="java.specification.vendor" value="Oracle Corporation"/>
    <property name="java.home" value="C:\Program Files\Java\jdk1.8.0_202\jre"/>
    <property name="basedir" value="C:\Users\suhass_k\webappsuhas1"/>
    <property name="file.separator" value="\"/>
    <property name="line.separator" value="&#10;"/>
    <property name="java.vm.specification.vendor" value="Oracle Corporation"/>
    <property name="java.specification.name" value="Java Platform API Specification"/>
    <property name="java.awt.graphicsenv" value="sun.awt.Win32GraphicsEnvironment"/>
    <property name="surefire.real.class.path" value="C:\Users\suhass_k\AppData\Local\Temp\surefire8772367709738068722\surefirebooter7589475827205241023.jar"/>
    <property name="sun.boot.class.path" value="C:\Program Files\Java\jdk1.8.0_202\jre\lib\resources.jar;C:\Program Files\Java\jdk1.8.0_202\jre\lib\rt.jar;C:\Program Files\Java\jdk1.8.0_202\jre\lib\sunrsasign.jar;C:\Program Files\Java\jdk1.8.0_202\jre\lib\jsse.jar;C:\Program Files\Java\jdk1.8.0_202\jre\lib\jce.jar;C:\Program Files\Java\jdk1.8.0_202\jre\lib\charsets.jar;C:\Program Files\Java\jdk1.8.0_202\jre\lib\jfr.jar;C:\Program Files\Java\jdk1.8.0_202\jre\classes"/>
    <property name="user.script" value=""/>
    <property name="sun.management.compiler" value="HotSpot 64-Bit Tiered Compilers"/>
    <property name="java.runtime.version" value="1.8.0_202-b08"/>
    <property name="user.name" value="suhass_k"/>
    <property name="path.separator" value=";"/>
    <property name="os.version" value="6.2"/>
    <property name="java.endorsed.dirs" value="C:\Program Files\Java\jdk1.8.0_202\jre\lib\endorsed"/>
    <property name="java.runtime.name" value="Java(TM) SE Runtime Environment"/>
    <property name="file.encoding" value="Cp1252"/>
    <property name="java.vm.name" value="Java HotSpot(TM) 64-Bit Server VM"/>
    <property name="localRepository" value="C:\Users\suhass_k\.m2\repository"/>
    <property name="java.vendor.url.bug" value="http://bugreport.sun.com/bugreport/"/>
    <property name="java.io.tmpdir" value="C:\Users\suhass_k\AppData\Local\Temp\"/>
    <property name="java.version" value="1.8.0_202"/>
    <property name="user.dir" value="C:\Users\suhass_k\webappsuhas1"/>
    <property name="os.arch" value="amd64"/>
    <property name="java.vm.specification.name" value="Java Virtual Machine Specification"/>
    <property name="java.awt.printerjob" value="sun.awt.windows.WPrinterJob"/>
    <property name="sun.os.patch.level" value=""/>
    <property name="java.library.path" value="C:\Program Files\Java\jdk1.8.0_202\jre\bin;C:\Windows\Sun\Java\bin;C:\Windows\system32;C:\Windows;C:\oraclexe\app\oracle\product\10.2.0\server\bin;C:\devtools\apache-maven-3.8.4\bin;C:\Program Files\Java\jdk1.8.0_202\bin;C:\Program Files\Microsoft SQL Server\110\Tools\Binn;C:\Program Files\JetBrains\PyCharm 2021.1.1\bin;;C:\Program Files\JetBrains\PyCharm Community Edition 2019.3\bin;;."/>
    <property name="java.vm.info" value="mixed mode"/>
    <property name="java.vendor" value="Oracle Corporation"/>
    <property name="java.vm.version" value="25.202-b08"/>
    <property name="java.ext.dirs" value="C:\Program Files\Java\jdk1.8.0_202\jre\lib\ext;C:\Windows\Sun\Java\lib\ext"/>
    <property name="sun.io.unicode.encoding" value="UnicodeLittle"/>
    <property name="java.class.version" value="52.0"/>
  </properties>
  <testcase name="shouldAnswerWithTrue" classname="com.suhas1.AppTest" time="0.001"/>
</testsuite>